07/12/2019 17:13:37 Entered ServiceMain
07/12/2019 17:13:37 Entered InitService
07/12/2019 17:13:37 Successfully created commands communications channel
07/12/2019 17:13:37 Successfully created results communications channel
07/12/2019 17:13:37 Exiting InitService
07/12/2019 17:13:37 *****Stopping SUService logging*****



07/12/2019 18:10:06 Returning to OS: 0

07/12/2019 18:10:06 *****Stopping SUService logging*****



07/12/2019 18:10:41 Entered ServiceMain
07/12/2019 18:10:41 Entered InitService
07/12/2019 18:10:41 Successfully created commands communications channel
07/12/2019 18:10:41 Successfully created results communications channel
07/12/2019 18:10:41 Exiting InitService
07/12/2019 18:10:41 *****Stopping SUService logging*****



07/14/2019 11:09:32 Returning to OS: 0

07/14/2019 11:09:32 *****Stopping SUService logging*****



07/14/2019 11:10:01 Entered ServiceMain
07/14/2019 11:10:01 Entered InitService
07/14/2019 11:10:01 Successfully created commands communications channel
07/14/2019 11:10:01 Successfully created results communications channel
07/14/2019 11:10:01 Exiting InitService
07/14/2019 11:10:01 *****Stopping SUService logging*****



07/15/2019 17:35:42 Returning to OS: 0

07/15/2019 17:35:42 *****Stopping SUService logging*****



07/15/2019 17:36:10 Entered ServiceMain
07/15/2019 17:36:10 Entered InitService
07/15/2019 17:36:10 Successfully created commands communications channel
07/15/2019 17:36:10 Successfully created results communications channel
07/15/2019 17:36:10 Exiting InitService
07/15/2019 17:36:10 *****Stopping SUService logging*****



07/15/2019 19:01:44 Returning to OS: 0

07/15/2019 19:01:44 *****Stopping SUService logging*****



07/15/2019 19:02:13 Entered ServiceMain
07/15/2019 19:02:13 Entered InitService
07/15/2019 19:02:13 Successfully created commands communications channel
07/15/2019 19:02:13 Successfully created results communications channel
07/15/2019 19:02:13 Exiting InitService
07/15/2019 19:02:13 *****Stopping SUService logging*****



07/19/2019 10:55:33 Returning to OS: 0

07/19/2019 10:55:33 *****Stopping SUService logging*****



07/19/2019 11:00:08 Entered ServiceMain
07/19/2019 11:00:08 Entered InitService
07/19/2019 11:00:08 Successfully created commands communications channel
07/19/2019 11:00:08 Successfully created results communications channel
07/19/2019 11:00:08 Exiting InitService
07/19/2019 11:00:08 *****Stopping SUService logging*****



08/07/2019 14:28:27 Entered ServiceMain
08/07/2019 14:28:27 Entered InitService
08/07/2019 14:28:27 Successfully created commands communications channel
08/07/2019 14:28:27 Successfully created results communications channel
08/07/2019 14:28:27 Exiting InitService
08/07/2019 14:28:27 *****Stopping SUService logging*****



08/23/2019 10:40:08 Returning to OS: 0

08/23/2019 10:40:08 *****Stopping SUService logging*****



08/23/2019 10:42:07 Entered ServiceMain
08/23/2019 10:42:08 Entered InitService
08/23/2019 10:42:08 Successfully created commands communications channel
08/23/2019 10:42:08 Successfully created results communications channel
08/23/2019 10:42:08 Exiting InitService
08/23/2019 10:42:08 *****Stopping SUService logging*****



08/23/2019 10:51:32 Entered ServiceMain
08/23/2019 10:51:32 Entered InitService
08/23/2019 10:51:32 Successfully created commands communications channel
08/23/2019 10:51:32 Successfully created results communications channel
08/23/2019 10:51:32 Exiting InitService
08/23/2019 10:51:32 *****Stopping SUService logging*****



09/10/2019 16:38:43 Returning to OS: 0

09/10/2019 16:38:43 *****Stopping SUService logging*****



09/10/2019 16:39:25 Entered ServiceMain
09/10/2019 16:39:25 Entered InitService
09/10/2019 16:39:25 Successfully created commands communications channel
09/10/2019 16:39:25 Successfully created results communications channel
09/10/2019 16:39:25 Exiting InitService
09/10/2019 16:39:25 *****Stopping SUService logging*****



09/10/2019 16:39:40 Returning to OS: 0

09/10/2019 16:39:40 *****Stopping SUService logging*****



09/10/2019 16:40:11 Entered ServiceMain
09/10/2019 16:40:11 Entered InitService
09/10/2019 16:40:11 Successfully created commands communications channel
09/10/2019 16:40:11 Successfully created results communications channel
09/10/2019 16:40:11 Exiting InitService
09/10/2019 16:40:11 *****Stopping SUService logging*****



